# JRE version: OpenJDK Runtime Environment (23.0+37) (build 23+37-2369)
# Java VM: OpenJDK 64-Bit Server VM (23+37-2369, mixed mode, sharing, tiered, compressed oops, compressed class ptrs, g1 gc, windows-amd64)
GC Precious Log:
 CardTable entry size: 512
 Card Set container configuration: InlinePtr #cards 5 size 8 Array Of Cards #cards 10 size 36 Howl #buckets 4 coarsen threshold 1843 Howl Bitmap #cards 512 size 80 coarsen threshold 460 Card regions per heap region 1 cards per card region 2048
 CPUs: 8 total, 8 available
 Memory: 6086M
 Large Page Support: Disabled
 NUMA Support: Disabled
 Compressed Oops: Enabled (32-bit)
 Heap Region Size: 1M
 Heap Min Capacity: 8M
 Heap Initial Capacity: 96M
 Heap Max Capacity: 1522M
 Pre-touch: Disabled
 Parallel Workers: 8
 Concurrent Workers: 2
 Concurrent Refinement Workers: 8
 Periodic GC: Disabled
Heap:
 garbage-first heap   total reserved 1558528K, committed 40960K, used 29070K [0x00000000a0e00000, 0x0000000100000000)
  region size 1024K, 16 young (16384K), 3 survivors (3072K)
 Metaspace       used 31212K, committed 31808K, reserved 1114112K
  class space    used 4100K, committed 4352K, reserved 1048576K
GC Heap History (10 events):
Event: 6.133 GC heap before
{Heap before GC invocations=0 (full 0):
 garbage-first heap   total reserved 1558528K, committed 98304K, used 23552K [0x00000000a0e00000, 0x0000000100000000)
  region size 1024K, 24 young (24576K), 0 survivors (0K)
 Metaspace       used 7399K, committed 7616K, reserved 1114112K
  class space    used 925K, committed 1024K, reserved 1048576K
}
Event: 6.182 GC heap after
{Heap after GC invocations=1 (full 0):
 garbage-first heap   total reserved 1558528K, committed 98304K, used 5760K [0x00000000a0e00000, 0x0000000100000000)
  region size 1024K, 3 young (3072K), 3 survivors (3072K)
 Metaspace       used 7399K, committed 7616K, reserved 1114112K
  class space    used 925K, committed 1024K, reserved 1048576K
}
Event: 9.276 GC heap before
{Heap before GC invocations=1 (full 0):
 garbage-first heap   total reserved 1558528K, committed 98304K, used 25216K [0x00000000a0e00000, 0x0000000100000000)
  region size 1024K, 23 young (23552K), 3 survivors (3072K)
 Metaspace       used 12776K, committed 13184K, reserved 1114112K
  class space    used 1675K, committed 1856K, reserved 1048576K
}
Event: 9.286 GC heap after
{Heap after GC invocations=2 (full 0):
 garbage-first heap   total reserved 1558528K, committed 98304K, used 8961K [0x00000000a0e00000, 0x0000000100000000)
  region size 1024K, 2 young (2048K), 2 survivors (2048K)
 Metaspace       used 12776K, committed 13184K, reserved 1114112K
  class space    used 1675K, committed 1856K, reserved 1048576K
}
Event: 14.090 GC heap before
{Heap before GC invocations=2 (full 0):
 garbage-first heap   total reserved 1558528K, committed 98304K, used 52993K [0x00000000a0e00000, 0x0000000100000000)
  region size 1024K, 47 young (48128K), 2 survivors (2048K)
 Metaspace       used 21181K, committed 21504K, reserved 1114112K
  class space    used 2666K, committed 2816K, reserved 1048576K
}
Event: 14.105 GC heap after
{Heap after GC invocations=3 (full 0):
 garbage-first heap   total reserved 1558528K, committed 98304K, used 11559K [0x00000000a0e00000, 0x0000000100000000)
  region size 1024K, 5 young (5120K), 5 survivors (5120K)
 Metaspace       used 21181K, committed 21504K, reserved 1114112K
  class space    used 2666K, committed 2816K, reserved 1048576K
}
Event: 20.158 GC heap before
{Heap before GC invocations=4 (full 0):
 garbage-first heap   total reserved 1558528K, committed 40960K, used 31015K [0x00000000a0e00000, 0x0000000100000000)
  region size 1024K, 24 young (24576K), 5 survivors (5120K)
 Metaspace       used 25994K, committed 26368K, reserved 1114112K
  class space    used 3313K, committed 3456K, reserved 1048576K
}
Event: 20.183 GC heap after
{Heap after GC invocations=5 (full 0):
 garbage-first heap   total reserved 1558528K, committed 40960K, used 14461K [0x00000000a0e00000, 0x0000000100000000)
  region size 1024K, 3 young (3072K), 3 survivors (3072K)
 Metaspace       used 25994K, committed 26368K, reserved 1114112K
  class space    used 3313K, committed 3456K, reserved 1048576K
}
Event: 24.337 GC heap before
{Heap before GC invocations=5 (full 0):
 garbage-first heap   total reserved 1558528K, committed 40960K, used 30845K [0x00000000a0e00000, 0x0000000100000000)
  region size 1024K, 19 young (19456K), 3 survivors (3072K)
 Metaspace       used 28918K, committed 29440K, reserved 1114112K
  class space    used 3733K, committed 3968K, reserved 1048576K
}
Event: 24.346 GC heap after
{Heap after GC invocations=6 (full 0):
 garbage-first heap   total reserved 1558528K, committed 40960K, used 16782K [0x00000000a0e00000, 0x0000000100000000)
  region size 1024K, 3 young (3072K), 3 survivors (3072K)
 Metaspace       used 28918K, committed 29440K, reserved 1114112K
  class space    used 3733K, committed 3968K, reserved 1048576K
}

